{
  "stats": {
    "suites": 1,
    "tests": 1,
    "passes": 1,
    "pending": 0,
    "failures": 0,
    "start": "2021-03-05T05:56:28.355Z",
    "end": "2021-03-05T05:57:14.635Z",
    "duration": 46280,
    "testsRegistered": 1,
    "passPercent": 100,
    "pendingPercent": 0,
    "other": 0,
    "hasOther": false,
    "skipped": 0,
    "hasSkipped": false
  },
  "results": [
    {
      "uuid": "6465755c-e49e-4a04-be69-b5934f853196",
      "title": "",
      "fullFile": "cypress\\integration\\examples\\test4.js",
      "file": "cypress\\integration\\examples\\test4.js",
      "beforeHooks": [],
      "afterHooks": [],
      "tests": [],
      "suites": [
        {
          "uuid": "c08866cb-c3dd-49d7-8307-94463f0a163d",
          "title": "validate the outlay of the home page and compare with that with the production instance",
          "fullFile": "",
          "file": "",
          "beforeHooks": [],
          "afterHooks": [],
          "tests": [
            {
              "title": "Take the screenshot of entire home page in staging env",
              "fullTitle": "validate the outlay of the home page and compare with that with the production instance Take the screenshot of entire home page in staging env",
              "timedOut": null,
              "duration": 43512,
              "state": "passed",
              "speed": "slow",
              "pass": true,
              "fail": false,
              "pending": false,
              "context": null,
              "code": "cy.visit(\"https://staging.docskiff.ai/\");\ncy.wait(2000);\ncy.get('#loginemail').type('siddartha.c@standav.com');\ncy.wait(2000);\ncy.get('.text-right > .btn').click();\ncy.wait(4000);\ncy.get('#loginpassword').type('Rich13*arab');\ncy.wait(2000);\ncy.get('.btn-primary').click();\ncy.wait(2000);\ncy.screenshot('staging homepage');\ncy.wait(2000);\ncy.get('.hidden-xs > .name_style > .role').click();\ncy.wait(4000);\ncy.get('.dropdown-menu > :nth-child(9) > a').click();",
              "err": {},
              "uuid": "477b572f-1f47-41c2-a422-b49bc0c42674",
              "parentUUID": "c08866cb-c3dd-49d7-8307-94463f0a163d",
              "isHook": false,
              "skipped": false
            }
          ],
          "suites": [],
          "passes": [
            "477b572f-1f47-41c2-a422-b49bc0c42674"
          ],
          "failures": [],
          "pending": [],
          "skipped": [],
          "duration": 43512,
          "root": false,
          "rootEmpty": false,
          "_timeout": 2000
        }
      ],
      "passes": [],
      "failures": [],
      "pending": [],
      "skipped": [],
      "duration": 0,
      "root": true,
      "rootEmpty": true,
      "_timeout": 2000
    }
  ],
  "meta": {
    "mocha": {
      "version": "7.0.1"
    },
    "mochawesome": {
      "options": {
        "quiet": false,
        "reportFilename": "report",
        "saveHtml": true,
        "saveJson": true,
        "consoleReporter": "spec",
        "useInlineDiffs": false,
        "code": true
      },
      "version": "6.2.2"
    },
    "marge": {
      "options": {
        "reportDir": "cypress/reports/mochawesome-report",
        "reportFilename": "report",
        "overwrite": false,
        "html": true,
        "json": true,
        "charts": true,
        "trashAssetsBeforeRuns": true,
        "pageLoadTimeout": 100000
      },
      "version": "5.2.0"
    }
  }
}