{
  "stats": {
    "suites": 1,
    "tests": 1,
    "passes": 1,
    "pending": 0,
    "failures": 0,
    "start": "2021-05-22T08:17:34.610Z",
    "end": "2021-05-22T08:17:43.105Z",
    "duration": 8495,
    "testsRegistered": 1,
    "passPercent": 100,
    "pendingPercent": 0,
    "other": 0,
    "hasOther": false,
    "skipped": 0,
    "hasSkipped": false
  },
  "results": [
    {
      "uuid": "1e3e22b5-010e-487b-9804-f5fa00d5011e",
      "title": "",
      "fullFile": "cypress/integration/examples/test7.js",
      "file": "cypress/integration/examples/test7.js",
      "beforeHooks": [],
      "afterHooks": [],
      "tests": [],
      "suites": [
        {
          "uuid": "5788645e-9561-48b1-801c-0f2e8d41e740",
          "title": "My Second Test Suite",
          "fullFile": "",
          "file": "",
          "beforeHooks": [],
          "afterHooks": [],
          "tests": [
            {
              "title": "My FirstTest case",
              "fullTitle": "My Second Test Suite My FirstTest case",
              "timedOut": null,
              "duration": 5127,
              "state": "passed",
              "speed": "slow",
              "pass": true,
              "fail": false,
              "pending": false,
              "context": null,
              "code": "//Check boxes\ncy.visit(\"https://rahulshettyacademy.com/AutomationPractice/\");\ncy.get('tr td:nth-child(2)').each(($e1, index, $list) => {\n  const text = $e1.text();\n  if (text.includes(\"Python\")) {\n    cy.get(\"tr td:nth-child(2)\").eq(index).next().then(function (price) {\n      const priceText = price.text();\n      expect(priceText).to.equal('25');\n    });\n  }\n}); //mouse hover\n//div.mouse-hover-content\ncy.get('div.mouse-hover-content').invoke('show');\ncy.contains('Top').click();\ncy.url().should('include', 'top');",
              "err": {},
              "uuid": "4133f162-9100-4181-90f8-24be370d5613",
              "parentUUID": "5788645e-9561-48b1-801c-0f2e8d41e740",
              "isHook": false,
              "skipped": false
            }
          ],
          "suites": [],
          "passes": [
            "4133f162-9100-4181-90f8-24be370d5613"
          ],
          "failures": [],
          "pending": [],
          "skipped": [],
          "duration": 5127,
          "root": false,
          "rootEmpty": false,
          "_timeout": 2000
        }
      ],
      "passes": [],
      "failures": [],
      "pending": [],
      "skipped": [],
      "duration": 0,
      "root": true,
      "rootEmpty": true,
      "_timeout": 2000
    }
  ],
  "meta": {
    "mocha": {
      "version": "7.0.1"
    },
    "mochawesome": {
      "options": {
        "quiet": false,
        "reportFilename": "report",
        "saveHtml": true,
        "saveJson": true,
        "consoleReporter": "spec",
        "useInlineDiffs": false,
        "code": true
      },
      "version": "6.2.2"
    },
    "marge": {
      "options": {
        "reportDir": "cypress/reports/mochawesome-report",
        "reportFilename": "report",
        "overwrite": false,
        "html": true,
        "json": true,
        "charts": true,
        "trashAssetsBeforeRuns": true,
        "pageLoadTimeout": 100000,
        "ignoreTestFiles": [
          "**/__snapshots__/*",
          "**/__image_snapshots__/*"
        ],
        "env": {
          "url": "https://www.amazon.com/"
        }
      },
      "version": "5.2.0"
    }
  }
}