{
  "stats": {
    "suites": 1,
    "tests": 1,
    "passes": 1,
    "pending": 0,
    "failures": 0,
    "start": "2021-05-22T07:54:05.512Z",
    "end": "2021-05-22T07:54:12.615Z",
    "duration": 7103,
    "testsRegistered": 1,
    "passPercent": 100,
    "pendingPercent": 0,
    "other": 0,
    "hasOther": false,
    "skipped": 0,
    "hasSkipped": false
  },
  "results": [
    {
      "uuid": "871274d4-9fb7-4d09-9c13-b5b5ea85aebc",
      "title": "",
      "fullFile": "cypress/integration/examples/test1.js",
      "file": "cypress/integration/examples/test1.js",
      "beforeHooks": [],
      "afterHooks": [],
      "tests": [],
      "suites": [
        {
          "uuid": "6bfd02bb-1458-4b13-a137-79ddd412a4d1",
          "title": "Create an account and Login then validate that the gift cards balance is 0",
          "fullFile": "",
          "file": "",
          "beforeHooks": [],
          "afterHooks": [],
          "tests": [
            {
              "title": "visual testing-snapshot",
              "fullTitle": "Create an account and Login then validate that the gift cards balance is 0 visual testing-snapshot",
              "timedOut": null,
              "duration": 4132,
              "state": "passed",
              "speed": "slow",
              "pass": true,
              "fail": false,
              "pending": false,
              "context": null,
              "code": "cy.visit('https://www.facebook.com/');\ncy.wait(2000);\ncy.percySnapshot(); // .then(() => {\n//   cy.get('img[src=\"https://static.xx.fbcdn.net/rsrc.php/y8/r/dF5SId3UHWd.svg\"]').toMatchImageSnapshot();",
              "err": {},
              "uuid": "e9109080-c9c3-410e-bde5-08dc2843826d",
              "parentUUID": "6bfd02bb-1458-4b13-a137-79ddd412a4d1",
              "isHook": false,
              "skipped": false
            }
          ],
          "suites": [],
          "passes": [
            "e9109080-c9c3-410e-bde5-08dc2843826d"
          ],
          "failures": [],
          "pending": [],
          "skipped": [],
          "duration": 4132,
          "root": false,
          "rootEmpty": false,
          "_timeout": 2000
        }
      ],
      "passes": [],
      "failures": [],
      "pending": [],
      "skipped": [],
      "duration": 0,
      "root": true,
      "rootEmpty": true,
      "_timeout": 2000
    }
  ],
  "meta": {
    "mocha": {
      "version": "7.0.1"
    },
    "mochawesome": {
      "options": {
        "quiet": false,
        "reportFilename": "report",
        "saveHtml": true,
        "saveJson": true,
        "consoleReporter": "spec",
        "useInlineDiffs": false,
        "code": true
      },
      "version": "6.2.2"
    },
    "marge": {
      "options": {
        "reportDir": "cypress/reports/mochawesome-report",
        "reportFilename": "report",
        "overwrite": false,
        "html": true,
        "json": true,
        "charts": true,
        "trashAssetsBeforeRuns": true,
        "pageLoadTimeout": 100000,
        "ignoreTestFiles": [
          "**/__snapshots__/*",
          "**/__image_snapshots__/*"
        ],
        "env": {
          "url": "https://www.amazon.com/"
        }
      },
      "version": "5.2.0"
    }
  }
}