{
  "stats": {
    "suites": 1,
    "tests": 1,
    "passes": 1,
    "pending": 0,
    "failures": 0,
    "start": "2021-05-22T08:17:48.965Z",
    "end": "2021-05-22T08:17:55.816Z",
    "duration": 6851,
    "testsRegistered": 1,
    "passPercent": 100,
    "pendingPercent": 0,
    "other": 0,
    "hasOther": false,
    "skipped": 0,
    "hasSkipped": false
  },
  "results": [
    {
      "uuid": "8aea50d9-adef-4255-a9d2-2728846d4201",
      "title": "",
      "fullFile": "cypress/integration/examples/test8.js",
      "file": "cypress/integration/examples/test8.js",
      "beforeHooks": [],
      "afterHooks": [],
      "tests": [],
      "suites": [
        {
          "uuid": "9c13ce39-1226-4173-a40a-273ec26f311f",
          "title": "My Second Test Suite",
          "fullFile": "",
          "file": "",
          "beforeHooks": [],
          "afterHooks": [],
          "tests": [
            {
              "title": "My FirstTest case",
              "fullTitle": "My Second Test Suite My FirstTest case",
              "timedOut": null,
              "duration": 3817,
              "state": "passed",
              "speed": "slow",
              "pass": true,
              "fail": false,
              "pending": false,
              "context": null,
              "code": "//Check boxes\ncy.visit(\"https://rahulshettyacademy.com/AutomationPractice/\"); //cy.get('div.mouse-hover-content').invoke('show')\ncy.contains('Top').click({\n  force: true\n});\ncy.url().should('include', 'top');",
              "err": {},
              "uuid": "145b0841-4797-411b-b464-e8511c8b9432",
              "parentUUID": "9c13ce39-1226-4173-a40a-273ec26f311f",
              "isHook": false,
              "skipped": false
            }
          ],
          "suites": [],
          "passes": [
            "145b0841-4797-411b-b464-e8511c8b9432"
          ],
          "failures": [],
          "pending": [],
          "skipped": [],
          "duration": 3817,
          "root": false,
          "rootEmpty": false,
          "_timeout": 2000
        }
      ],
      "passes": [],
      "failures": [],
      "pending": [],
      "skipped": [],
      "duration": 0,
      "root": true,
      "rootEmpty": true,
      "_timeout": 2000
    }
  ],
  "meta": {
    "mocha": {
      "version": "7.0.1"
    },
    "mochawesome": {
      "options": {
        "quiet": false,
        "reportFilename": "report",
        "saveHtml": true,
        "saveJson": true,
        "consoleReporter": "spec",
        "useInlineDiffs": false,
        "code": true
      },
      "version": "6.2.2"
    },
    "marge": {
      "options": {
        "reportDir": "cypress/reports/mochawesome-report",
        "reportFilename": "report",
        "overwrite": false,
        "html": true,
        "json": true,
        "charts": true,
        "trashAssetsBeforeRuns": true,
        "pageLoadTimeout": 100000,
        "ignoreTestFiles": [
          "**/__snapshots__/*",
          "**/__image_snapshots__/*"
        ],
        "env": {
          "url": "https://www.amazon.com/"
        }
      },
      "version": "5.2.0"
    }
  }
}