{
  "stats": {
    "suites": 1,
    "tests": 1,
    "passes": 1,
    "pending": 0,
    "failures": 0,
    "start": "2021-05-22T08:16:40.975Z",
    "end": "2021-05-22T08:16:48.580Z",
    "duration": 7605,
    "testsRegistered": 1,
    "passPercent": 100,
    "pendingPercent": 0,
    "other": 0,
    "hasOther": false,
    "skipped": 0,
    "hasSkipped": false
  },
  "results": [
    {
      "uuid": "f9994333-7047-413a-bfbc-5f170097e114",
      "title": "",
      "fullFile": "cypress/integration/examples/test4.js",
      "file": "cypress/integration/examples/test4.js",
      "beforeHooks": [],
      "afterHooks": [],
      "tests": [],
      "suites": [
        {
          "uuid": "ac14bb1f-5d97-40e8-ac44-b9d60a4daaf4",
          "title": "My Second Test Suite",
          "fullFile": "",
          "file": "",
          "beforeHooks": [],
          "afterHooks": [],
          "tests": [
            {
              "title": "My FirstTest case",
              "fullTitle": "My Second Test Suite My FirstTest case",
              "timedOut": null,
              "duration": 4509,
              "state": "passed",
              "speed": "slow",
              "pass": true,
              "fail": false,
              "pending": false,
              "context": null,
              "code": "cy.visit(\"https://rahulshettyacademy.com/seleniumPractise/#/\");\ncy.get('.search-keyword').type('ca');\ncy.wait(2000); //selenium get hit url in browser, cypress get acts like findElement of selenium\n//Parent child chaining\ncy.get('.products').as('productLocator');\ncy.get('@productLocator').find('.product').each(($el, index, $list) => {\n  const textVeg = $el.find('h4.product-name').text();\n  if (textVeg.includes('Cashews')) {\n    $el.find('button').click();\n  }\n});\ncy.get('.cart-icon > img').click();",
              "err": {},
              "uuid": "1bd6688c-05ec-4da0-abee-9794a7b0a41e",
              "parentUUID": "ac14bb1f-5d97-40e8-ac44-b9d60a4daaf4",
              "isHook": false,
              "skipped": false
            }
          ],
          "suites": [],
          "passes": [
            "1bd6688c-05ec-4da0-abee-9794a7b0a41e"
          ],
          "failures": [],
          "pending": [],
          "skipped": [],
          "duration": 4509,
          "root": false,
          "rootEmpty": false,
          "_timeout": 2000
        }
      ],
      "passes": [],
      "failures": [],
      "pending": [],
      "skipped": [],
      "duration": 0,
      "root": true,
      "rootEmpty": true,
      "_timeout": 2000
    }
  ],
  "meta": {
    "mocha": {
      "version": "7.0.1"
    },
    "mochawesome": {
      "options": {
        "quiet": false,
        "reportFilename": "report",
        "saveHtml": true,
        "saveJson": true,
        "consoleReporter": "spec",
        "useInlineDiffs": false,
        "code": true
      },
      "version": "6.2.2"
    },
    "marge": {
      "options": {
        "reportDir": "cypress/reports/mochawesome-report",
        "reportFilename": "report",
        "overwrite": false,
        "html": true,
        "json": true,
        "charts": true,
        "trashAssetsBeforeRuns": true,
        "pageLoadTimeout": 100000,
        "ignoreTestFiles": [
          "**/__snapshots__/*",
          "**/__image_snapshots__/*"
        ],
        "env": {
          "url": "https://www.amazon.com/"
        }
      },
      "version": "5.2.0"
    }
  }
}