{
  "stats": {
    "suites": 1,
    "tests": 2,
    "passes": 1,
    "pending": 0,
    "failures": 1,
    "start": "2021-05-08T07:46:14.447Z",
    "end": "2021-05-08T07:47:15.031Z",
    "duration": 60584,
    "testsRegistered": 2,
    "passPercent": 50,
    "pendingPercent": 0,
    "other": 0,
    "hasOther": false,
    "skipped": 0,
    "hasSkipped": false
  },
  "results": [
    {
      "uuid": "2df246ff-e2b1-415b-9e65-9e11b06b087a",
      "title": "",
      "fullFile": "cypress/integration/examples/test1.js",
      "file": "cypress/integration/examples/test1.js",
      "beforeHooks": [],
      "afterHooks": [],
      "tests": [],
      "suites": [
        {
          "uuid": "6a30df3e-b674-4882-befe-3aee550e5bd6",
          "title": "Create an account and Login then validate that the gift cards balance is 0",
          "fullFile": "",
          "file": "",
          "beforeHooks": [],
          "afterHooks": [],
          "tests": [
            {
              "title": "Create an Amazon account",
              "fullTitle": "Create an account and Login then validate that the gift cards balance is 0 Create an Amazon account",
              "timedOut": null,
              "duration": 17127,
              "state": "passed",
              "speed": "slow",
              "pass": true,
              "fail": false,
              "pending": false,
              "context": null,
              "code": "// const lp=new LoginPage();\n    // cy.wait(4000);\n    // lp.getstarthere().click();\n    // cy.wait(2000);\n    // lp.getname().type(this.data.name);\n    // cy.wait(2000);\n    // lp.getemail().type(this.data.username);\n    // cy.wait(2000);\n    // lp.getpwd().type(this.data.pwd);\n    // cy.wait(2000);\n    // lp.getreenterpwd().type(this.data.pwd);\n    // cy.wait(2000);\n    // lp.getcreateaccount().click();\n    // })",
              "err": {},
              "uuid": "e508eaf6-5c5a-44fd-b1b7-3b7e1c1f63c9",
              "parentUUID": "6a30df3e-b674-4882-befe-3aee550e5bd6",
              "isHook": false,
              "skipped": false
            },
            {
              "title": "Login and verify if the gift cards value is $0.00",
              "fullTitle": "Create an account and Login then validate that the gift cards balance is 0 Login and verify if the gift cards value is $0.00",
              "timedOut": null,
              "duration": 38340,
              "state": "failed",
              "speed": null,
              "pass": false,
              "fail": true,
              "pending": false,
              "context": null,
              "code": "cy.get('#nav-link-accountList-nav-line-1').click();\ncy.wait(2000);\ncy.get('#ap_email').type(\"siddhart.chakravarty@gmail.com\");\ncy.wait(2000);\ncy.get('.a-button-inner > #continue').click();\ncy.wait(2000);\ncy.get('#ap_password').type(\"Rich13*arab\");\ncy.wait(2000);\ncy.get('#signInSubmit').click();\ncy.wait(2000);\ncy.get('.nav-short-width').click();\ncy.wait(2000);\ncy.get(':nth-child(3) > :nth-child(1) > .ya-card__whole-card-link > .a-box > .a-box-inner > .a-row > .a-span9 > .a-spacing-none').click();\ncy.wait(2000); //   cy.get('#gc-ui-balance-gc-balance-value').contains('have.text', '$0.00');\ncy.get('#gc-ui-balance-gc-balance-value').each(($e1, index, $list) => {\n  const status = $e1.text();\n  console.log(\"status \" + status);\n  expect(status).to.contains(\"$0.00\");\n});",
              "err": {
                "message": "AssertionError: expected '\\n     \\n        \\n          \\n\\nUSD 0.00\\n        \\n        \\n     \\n  ' to include '$0.00'",
                "estack": "AssertionError: expected '\\n     \\n        \\n          \\n\\nUSD 0.00\\n        \\n        \\n     \\n  ' to include '$0.00'\n    at Context.eval (https://www.amazon.com/__cypress/tests?p=cypress\\integration\\examples\\test1.js:163:25)",
                "diff": null
              },
              "uuid": "ed96e84d-996c-41c1-b2dd-97fd5fee1f81",
              "parentUUID": "6a30df3e-b674-4882-befe-3aee550e5bd6",
              "isHook": false,
              "skipped": false
            }
          ],
          "suites": [],
          "passes": [
            "e508eaf6-5c5a-44fd-b1b7-3b7e1c1f63c9"
          ],
          "failures": [
            "ed96e84d-996c-41c1-b2dd-97fd5fee1f81"
          ],
          "pending": [],
          "skipped": [],
          "duration": 55467,
          "root": false,
          "rootEmpty": false,
          "_timeout": 2000
        }
      ],
      "passes": [],
      "failures": [],
      "pending": [],
      "skipped": [],
      "duration": 0,
      "root": true,
      "rootEmpty": true,
      "_timeout": 2000
    }
  ],
  "meta": {
    "mocha": {
      "version": "7.0.1"
    },
    "mochawesome": {
      "options": {
        "quiet": false,
        "reportFilename": "report",
        "saveHtml": true,
        "saveJson": true,
        "consoleReporter": "spec",
        "useInlineDiffs": false,
        "code": true
      },
      "version": "6.2.2"
    },
    "marge": {
      "options": {
        "reportDir": "cypress/reports/mochawesome-report",
        "reportFilename": "report",
        "overwrite": false,
        "html": true,
        "json": true,
        "charts": true,
        "trashAssetsBeforeRuns": true,
        "pageLoadTimeout": 100000,
        "env": {
          "url": "https://www.amazon.com/"
        }
      },
      "version": "5.2.0"
    }
  }
}