{
  "stats": {
    "suites": 0,
    "tests": 0,
    "passes": 0,
    "pending": 0,
    "failures": 0,
    "start": "2021-05-22T07:56:47.635Z",
    "end": "2021-05-22T07:56:47.640Z",
    "duration": 5,
    "testsRegistered": 0,
    "passPercent": null,
    "pendingPercent": null,
    "other": 0,
    "hasOther": false,
    "skipped": 0,
    "hasSkipped": false
  },
  "results": [
    false
  ],
  "meta": {
    "mocha": {
      "version": "7.0.1"
    },
    "mochawesome": {
      "options": {
        "quiet": false,
        "reportFilename": "report",
        "saveHtml": true,
        "saveJson": true,
        "consoleReporter": "spec",
        "useInlineDiffs": false,
        "code": true
      },
      "version": "6.2.2"
    },
    "marge": {
      "options": {
        "reportDir": "cypress/reports/mochawesome-report",
        "reportFilename": "report",
        "overwrite": false,
        "html": true,
        "json": true,
        "charts": true,
        "trashAssetsBeforeRuns": true,
        "pageLoadTimeout": 100000,
        "ignoreTestFiles": [
          "**/__snapshots__/*",
          "**/__image_snapshots__/*"
        ],
        "env": {
          "url": "https://www.amazon.com/"
        }
      },
      "version": "5.2.0"
    }
  }
}