{
  "stats": {
    "suites": 1,
    "tests": 1,
    "passes": 1,
    "pending": 0,
    "failures": 0,
    "start": "2021-03-12T11:00:39.461Z",
    "end": "2021-03-12T11:01:21.669Z",
    "duration": 42208,
    "testsRegistered": 1,
    "passPercent": 100,
    "pendingPercent": 0,
    "other": 0,
    "hasOther": false,
    "skipped": 0,
    "hasSkipped": false
  },
  "results": [
    {
      "uuid": "d1ff62eb-0f6f-4985-8225-d4604be088a8",
      "title": "",
      "fullFile": "cypress/integration/examples/test5.js",
      "file": "cypress/integration/examples/test5.js",
      "beforeHooks": [],
      "afterHooks": [],
      "tests": [],
      "suites": [
        {
          "uuid": "430cbe2e-7537-4647-a5c2-247392bebc8e",
          "title": "Validate the Compare analysis,between two documents",
          "fullFile": "",
          "file": "",
          "beforeHooks": [],
          "afterHooks": [],
          "tests": [
            {
              "title": "Validate the Compare analysis,text only between two documents and validate the differences found",
              "fullTitle": "Validate the Compare analysis,between two documents Validate the Compare analysis,text only between two documents and validate the differences found",
              "timedOut": null,
              "duration": 41128,
              "state": "passed",
              "speed": "slow",
              "pass": true,
              "fail": false,
              "pending": false,
              "context": null,
              "code": "",
              "err": {},
              "uuid": "48f35034-d43e-45fc-8797-accf7507d208",
              "parentUUID": "430cbe2e-7537-4647-a5c2-247392bebc8e",
              "isHook": false,
              "skipped": false
            }
          ],
          "suites": [],
          "passes": [
            "48f35034-d43e-45fc-8797-accf7507d208"
          ],
          "failures": [],
          "pending": [],
          "skipped": [],
          "duration": 41128,
          "root": false,
          "rootEmpty": false,
          "_timeout": 2000
        }
      ],
      "passes": [],
      "failures": [],
      "pending": [],
      "skipped": [],
      "duration": 0,
      "root": true,
      "rootEmpty": true,
      "_timeout": 2000
    }
  ],
  "meta": {
    "mocha": {
      "version": "7.0.1"
    },
    "mochawesome": {
      "options": {
        "quiet": false,
        "reportFilename": "report",
        "saveHtml": true,
        "saveJson": true,
        "consoleReporter": "spec",
        "useInlineDiffs": false,
        "code": true
      },
      "version": "6.2.2"
    },
    "marge": {
      "options": {
        "reportDir": "cypress/reports/mochawesome-report",
        "reportFilename": "report",
        "overwrite": false,
        "html": true,
        "json": true,
        "charts": true,
        "trashAssetsBeforeRuns": true,
        "pageLoadTimeout": 100000,
        "env": {
          "url": "https://staging.docskiff.ai/"
        }
      },
      "version": "5.2.0"
    }
  }
}