{
  "stats": {
    "suites": 1,
    "tests": 1,
    "passes": 1,
    "pending": 0,
    "failures": 0,
    "start": "2021-02-24T15:52:30.399Z",
    "end": "2021-02-24T15:54:54.022Z",
    "duration": 143623,
    "testsRegistered": 1,
    "passPercent": 100,
    "pendingPercent": 0,
    "other": 0,
    "hasOther": false,
    "skipped": 0,
    "hasSkipped": false
  },
  "results": [
    {
      "uuid": "760de49d-ba98-437f-83bf-7c2a9cde2e29",
      "title": "",
      "fullFile": "cypress\\integration\\examples\\test3.js",
      "file": "cypress\\integration\\examples\\test3.js",
      "beforeHooks": [],
      "afterHooks": [],
      "tests": [],
      "suites": [
        {
          "uuid": "cf1d6b51-4d95-4727-88c0-416f9aaf773e",
          "title": "Validate the Clause Review analysis process and verify the status of the analysis of previous and the current analysis",
          "fullFile": "",
          "file": "",
          "beforeHooks": [],
          "afterHooks": [],
          "tests": [
            {
              "title": "Clause Review analysis from a contract document and verify the status of the analysis",
              "fullTitle": "Validate the Clause Review analysis process and verify the status of the analysis of previous and the current analysis Clause Review analysis from a contract document and verify the status of the analysis",
              "timedOut": null,
              "duration": 140804,
              "state": "passed",
              "speed": "slow",
              "pass": true,
              "fail": false,
              "pending": false,
              "context": null,
              "code": "cy.visit(\"https://staging.docskiff.ai/\");\ncy.wait(2000);\ncy.get('#loginemail').type('siddartha.c@standav.com');\ncy.wait(4000);\ncy.get('.text-right > .btn').click();\ncy.wait(6000);\ncy.get('#loginpassword').type('Rich13*arab');\ncy.get('.btn-primary').click();\ncy.wait(2000);\ncy.get(':nth-child(3) > a > .client_menu_icons').click();\ncy.wait(4000);\ncy.get('input[id=\"chkFolder_static/input_files/59/59_contracts/227\"]').click();\ncy.wait(4000);\ncy.get('input[id=\"chkFile_static/input_files/59/59_contracts/227/SET3_M_Farmers_56-6184_2-20_KY_FSPA_Mockup_v2.pdf\"]').click();\ncy.wait(4000);\ncy.get('.col-sm-12 > .btn').click();\ncy.wait(100000);\ncy.get('tr td:nth-child(7)').each(function ($e1, index, $list) {\n  var status = $e1.text();\n  if (status.includes(\"Completed\")) {\n    expect(status).to.equal(' Completed ');\n  }\n});",
              "err": {},
              "uuid": "6d9c6484-0be8-470c-9fbb-d055d16da6b7",
              "parentUUID": "cf1d6b51-4d95-4727-88c0-416f9aaf773e",
              "isHook": false,
              "skipped": false
            }
          ],
          "suites": [],
          "passes": [
            "6d9c6484-0be8-470c-9fbb-d055d16da6b7"
          ],
          "failures": [],
          "pending": [],
          "skipped": [],
          "duration": 140804,
          "root": false,
          "rootEmpty": false,
          "_timeout": 2000
        }
      ],
      "passes": [],
      "failures": [],
      "pending": [],
      "skipped": [],
      "duration": 0,
      "root": true,
      "rootEmpty": true,
      "_timeout": 2000
    }
  ],
  "meta": {
    "mocha": {
      "version": "7.0.1"
    },
    "mochawesome": {
      "options": {
        "quiet": false,
        "reportFilename": "mochawesome",
        "saveHtml": true,
        "saveJson": true,
        "consoleReporter": "spec",
        "useInlineDiffs": false,
        "code": true
      },
      "version": "6.2.2"
    },
    "marge": {
      "options": null,
      "version": "5.2.0"
    }
  }
}